[2019-07-28T10:10:44.135] [DEBUG] cheese - login => username:admin,password:123456
[2019-07-28T10:10:44.140] [DEBUG] cheese - admin
[2019-07-28T10:10:44.152] [DEBUG] cheese - null
[2019-07-28T10:10:44.152] [DEBUG] cheese - null
[2019-07-28T10:10:52.557] [DEBUG] cheese - login => username:admin,password:123456
[2019-07-28T10:10:52.557] [DEBUG] cheese - admin
[2019-07-28T10:10:52.561] [DEBUG] cheese - null
[2019-07-28T10:10:52.561] [DEBUG] cheese - null
[2019-07-28T10:12:10.604] [DEBUG] cheese - login => username:admin,password:123456
[2019-07-28T10:12:10.604] [DEBUG] cheese - admin
[2019-07-28T10:12:10.607] [DEBUG] cheese - null
[2019-07-28T10:12:10.607] [DEBUG] cheese - null
[2019-07-28T10:22:31.695] [DEBUG] cheese - login => username:admin,password:123456
[2019-07-28T10:22:31.695] [DEBUG] cheese - admin
[2019-07-28T10:22:31.698] [DEBUG] cheese - null
[2019-07-28T10:22:31.698] [DEBUG] cheese - null
[2019-07-28T10:22:42.883] [DEBUG] cheese - login => username:admin,password:123456
[2019-07-28T10:22:42.883] [DEBUG] cheese - admin
[2019-07-28T10:22:42.886] [DEBUG] cheese - null
[2019-07-28T10:22:42.886] [DEBUG] cheese - null
[2019-07-28T10:29:07.736] [DEBUG] cheese - login => username:admin,password:123456
[2019-07-28T10:29:07.737] [DEBUG] cheese - admin
[2019-07-28T10:29:07.739] [DEBUG] cheese - null
[2019-07-28T10:29:07.739] [DEBUG] cheese - null
[2019-07-28T10:57:19.808] [DEBUG] cheese - login => username:admin,password:123456
[2019-07-28T10:57:19.808] [DEBUG] cheese - admin
[2019-07-28T10:57:19.812] [DEBUG] cheese - null
[2019-07-28T10:57:19.812] [DEBUG] cheese - null
[2019-07-28T13:53:30.541] [DEBUG] cheese - login => username:admin,password:123456
[2019-07-28T13:53:30.544] [DEBUG] cheese - admin
[2019-07-28T13:53:30.556] [DEBUG] cheese - null
[2019-07-28T13:53:30.557] [DEBUG] cheese - null
[2019-07-28T19:15:58.547] [DEBUG] cheese - login => username:admin,password:123456
[2019-07-28T19:15:58.549] [DEBUG] cheese - admin
[2019-07-28T19:15:58.562] [DEBUG] cheese - null
[2019-07-28T19:15:58.562] [DEBUG] cheese - null
[2019-07-28T19:18:24.252] [DEBUG] cheese - login => username:admin,password:123456
[2019-07-28T19:18:24.252] [DEBUG] cheese - admin
[2019-07-28T19:18:24.256] [DEBUG] cheese - null
[2019-07-28T19:18:24.256] [DEBUG] cheese - null
[2019-07-28T19:18:54.381] [DEBUG] cheese - login => username:admin,password:123456
[2019-07-28T19:18:54.381] [DEBUG] cheese - admin
[2019-07-28T19:18:54.386] [DEBUG] cheese - null
[2019-07-28T19:18:54.386] [DEBUG] cheese - null
[2019-07-28T19:19:38.157] [DEBUG] cheese - login => username:admin1,password:123456
[2019-07-28T19:19:38.157] [DEBUG] cheese - admin1
[2019-07-28T19:19:38.161] [DEBUG] cheese - null
[2019-07-28T19:19:38.161] [DEBUG] cheese - null
[2019-07-28T19:19:45.686] [DEBUG] cheese - login => username:admin,password:123456
[2019-07-28T19:19:45.686] [DEBUG] cheese - admin
[2019-07-28T19:19:45.687] [DEBUG] cheese - null
[2019-07-28T19:19:45.688] [DEBUG] cheese - null
[2019-07-28T19:20:28.140] [DEBUG] cheese - login => username:admin,password:123456
[2019-07-28T19:20:28.140] [DEBUG] cheese - admin
[2019-07-28T19:20:28.143] [DEBUG] cheese - null
[2019-07-28T19:20:28.143] [DEBUG] cheese - null
[2019-07-28T19:24:20.669] [DEBUG] cheese - login => username:admin,password:123456
[2019-07-28T19:24:20.669] [DEBUG] cheese - admin
[2019-07-28T19:24:20.673] [DEBUG] cheese - null
[2019-07-28T19:24:20.673] [DEBUG] cheese - null
[2019-07-28T19:24:25.626] [DEBUG] cheese - login => username:admin1,password:123456
[2019-07-28T19:24:25.626] [DEBUG] cheese - admin1
[2019-07-28T19:24:25.629] [DEBUG] cheese - null
[2019-07-28T19:24:25.629] [DEBUG] cheese - null
[2019-07-28T19:39:37.849] [DEBUG] cheese - login => username:admin,password:123456
[2019-07-28T19:39:37.849] [DEBUG] cheese - admin
[2019-07-28T19:39:37.853] [DEBUG] cheese - null
[2019-07-28T19:39:37.853] [DEBUG] cheese - null
[2019-07-28T19:44:30.107] [DEBUG] cheese - login => username:admin,password:123456
[2019-07-28T19:44:30.107] [DEBUG] cheese - admin
[2019-07-28T19:44:30.110] [DEBUG] cheese - null
[2019-07-28T19:44:30.110] [DEBUG] cheese - null
[2019-07-28T20:28:18.365] [DEBUG] cheese - login => username:admin,password:123456
[2019-07-28T20:28:18.366] [DEBUG] cheese - admin
[2019-07-28T20:28:18.374] [DEBUG] cheese - null
[2019-07-28T20:28:18.374] [DEBUG] cheese - null
[2019-07-29T09:07:06.049] [DEBUG] cheese - login => username:admin,password:123456
[2019-07-29T09:07:06.051] [DEBUG] cheese - admin
[2019-07-29T09:07:06.091] [DEBUG] cheese - null
[2019-07-29T09:07:06.092] [DEBUG] cheese - null
[2019-07-29T18:59:17.387] [DEBUG] cheese - login => username:admin,password:123456
[2019-07-29T18:59:17.388] [DEBUG] cheese - admin
[2019-07-29T18:59:17.394] [DEBUG] cheese - login => username:admin,password:123456
[2019-07-29T18:59:17.394] [DEBUG] cheese - admin
[2019-07-29T18:59:17.396] [DEBUG] cheese - login => username:admin,password:123456
[2019-07-29T18:59:17.396] [DEBUG] cheese - admin
[2019-07-29T18:59:17.399] [DEBUG] cheese - login => username:admin,password:123456
[2019-07-29T18:59:17.399] [DEBUG] cheese - admin
[2019-07-29T18:59:17.400] [DEBUG] cheese - login => username:admin,password:123456
[2019-07-29T18:59:17.400] [DEBUG] cheese - admin
[2019-07-29T18:59:17.402] [DEBUG] cheese - login => username:admin,password:123456
[2019-07-29T18:59:17.402] [DEBUG] cheese - admin
[2019-07-29T18:59:17.414] [DEBUG] cheese - null
[2019-07-29T18:59:17.415] [DEBUG] cheese - null
[2019-07-29T18:59:17.513] [DEBUG] cheese - null
[2019-07-29T18:59:17.513] [DEBUG] cheese - null
[2019-07-29T18:59:17.618] [DEBUG] cheese - null
[2019-07-29T18:59:17.618] [DEBUG] cheese - null
[2019-07-29T18:59:17.701] [DEBUG] cheese - null
[2019-07-29T18:59:17.701] [DEBUG] cheese - null
[2019-07-29T18:59:17.786] [DEBUG] cheese - null
[2019-07-29T18:59:17.786] [DEBUG] cheese - null
[2019-07-29T18:59:17.869] [DEBUG] cheese - null
[2019-07-29T18:59:17.870] [DEBUG] cheese - null
[2019-07-29T18:59:17.952] [DEBUG] cheese - login => username:admin,password:123456
[2019-07-29T18:59:17.952] [DEBUG] cheese - admin
[2019-07-29T18:59:17.957] [DEBUG] cheese - login => username:admin,password:123456
[2019-07-29T18:59:17.957] [DEBUG] cheese - admin
[2019-07-29T18:59:17.960] [DEBUG] cheese - login => username:admin,password:123456
[2019-07-29T18:59:17.960] [DEBUG] cheese - admin
[2019-07-29T18:59:17.963] [DEBUG] cheese - login => username:admin,password:123456
[2019-07-29T18:59:17.963] [DEBUG] cheese - admin
[2019-07-29T18:59:17.970] [DEBUG] cheese - null
[2019-07-29T18:59:17.970] [DEBUG] cheese - null
[2019-07-29T18:59:18.052] [DEBUG] cheese - null
[2019-07-29T18:59:18.052] [DEBUG] cheese - null
[2019-07-29T18:59:18.135] [DEBUG] cheese - null
[2019-07-29T18:59:18.135] [DEBUG] cheese - null
[2019-07-29T18:59:18.217] [DEBUG] cheese - null
[2019-07-29T18:59:18.218] [DEBUG] cheese - null
[2019-07-29T18:59:52.746] [DEBUG] cheese - login => username:admin,password:123456
[2019-07-29T18:59:52.747] [DEBUG] cheese - admin
[2019-07-29T18:59:52.758] [DEBUG] cheese - null
[2019-07-29T18:59:52.758] [DEBUG] cheese - null
[2019-07-29T19:16:20.087] [DEBUG] cheese - login => username:admin,password:123456
[2019-07-29T19:16:20.088] [DEBUG] cheese - admin
[2019-07-29T19:16:20.101] [DEBUG] cheese - null
[2019-07-29T19:16:20.101] [DEBUG] cheese - null
[2019-07-29T19:18:53.112] [DEBUG] cheese - login => username:admin,password:123456
[2019-07-29T19:18:53.112] [DEBUG] cheese - admin
[2019-07-29T19:18:53.117] [DEBUG] cheese - null
[2019-07-29T19:18:53.117] [DEBUG] cheese - null
[2019-07-29T19:23:02.745] [DEBUG] cheese - login => username:admin,password:123456
[2019-07-29T19:23:02.745] [DEBUG] cheese - admin
[2019-07-29T19:23:02.749] [DEBUG] cheese - null
[2019-07-29T19:23:02.750] [DEBUG] cheese - null
[2019-07-30T08:23:39.302] [DEBUG] cheese - login => username:admin,password:123456
[2019-07-30T08:23:39.304] [DEBUG] cheese - admin
[2019-07-30T08:23:39.316] [DEBUG] cheese - null
[2019-07-30T08:23:39.316] [DEBUG] cheese - null
[2019-07-30T08:55:01.171] [DEBUG] cheese - login => username:admin,password:123456
[2019-07-30T08:55:01.171] [DEBUG] cheese - admin
[2019-07-30T08:55:01.176] [DEBUG] cheese - null
[2019-07-30T08:55:01.176] [DEBUG] cheese - null
[2019-07-30T08:56:32.977] [DEBUG] cheese - login => username:admin,password:123456
[2019-07-30T08:56:32.977] [DEBUG] cheese - admin
[2019-07-30T08:56:32.979] [DEBUG] cheese - null
[2019-07-30T08:56:32.979] [DEBUG] cheese - null
[2019-07-30T08:59:50.168] [DEBUG] cheese - login => username:admin,password:123456
[2019-07-30T08:59:50.168] [DEBUG] cheese - admin
[2019-07-30T08:59:50.170] [DEBUG] cheese - null
[2019-07-30T08:59:50.170] [DEBUG] cheese - null
[2019-07-30T09:12:35.495] [DEBUG] cheese - login => username:admin,password:123456
[2019-07-30T09:12:35.495] [DEBUG] cheese - admin
[2019-07-30T09:12:35.497] [DEBUG] cheese - null
[2019-07-30T09:12:35.497] [DEBUG] cheese - null
[2019-07-30T09:46:40.964] [DEBUG] cheese - login => username:admin,password:123456
[2019-07-30T09:46:40.964] [DEBUG] cheese - admin
[2019-07-30T09:46:40.967] [DEBUG] cheese - null
[2019-07-30T09:46:40.967] [DEBUG] cheese - null
[2019-07-30T09:48:50.303] [DEBUG] cheese - login => username:admin,password:123456
[2019-07-30T09:48:50.304] [DEBUG] cheese - admin
[2019-07-30T09:48:50.307] [DEBUG] cheese - null
[2019-07-30T09:48:50.307] [DEBUG] cheese - null
[2019-07-30T11:31:42.059] [DEBUG] cheese - login => username:admin,password:123456
[2019-07-30T11:31:42.060] [DEBUG] cheese - admin
[2019-07-30T11:31:42.064] [DEBUG] cheese - null
[2019-07-30T11:31:42.064] [DEBUG] cheese - null
[2019-07-30T11:41:51.845] [DEBUG] cheese - login => username:admin,password:123456
[2019-07-30T11:41:51.845] [DEBUG] cheese - admin
[2019-07-30T11:41:51.850] [DEBUG] cheese - null
[2019-07-30T11:41:51.850] [DEBUG] cheese - null
[2019-07-30T11:42:02.123] [DEBUG] cheese - login => username:admin,password:123456
[2019-07-30T11:42:02.123] [DEBUG] cheese - admin
[2019-07-30T11:42:02.125] [DEBUG] cheese - null
[2019-07-30T11:42:02.125] [DEBUG] cheese - null
[2019-07-30T11:46:31.188] [DEBUG] cheese - login => username:admin,password:123456
[2019-07-30T11:46:31.188] [DEBUG] cheese - admin
[2019-07-30T11:46:31.190] [DEBUG] cheese - null
[2019-07-30T11:46:31.190] [DEBUG] cheese - null
[2019-07-30T11:50:07.132] [DEBUG] cheese - login => username:admin,password:123456
[2019-07-30T11:50:07.132] [DEBUG] cheese - admin
[2019-07-30T11:50:07.136] [DEBUG] cheese - null
[2019-07-30T11:50:07.136] [DEBUG] cheese - null
[2019-07-30T11:50:13.526] [DEBUG] cheese - login => username:admin,password:123456
[2019-07-30T11:50:13.526] [DEBUG] cheese - admin
[2019-07-30T11:50:13.528] [DEBUG] cheese - null
[2019-07-30T11:50:13.528] [DEBUG] cheese - null
[2019-07-30T12:31:44.305] [DEBUG] cheese - login => username:admin,password:123456
[2019-07-30T12:31:44.305] [DEBUG] cheese - admin
[2019-07-30T12:31:44.308] [DEBUG] cheese - null
[2019-07-30T12:31:44.308] [DEBUG] cheese - null
[2019-07-30T12:52:07.518] [DEBUG] cheese - login => username:admin,password:123456
[2019-07-30T12:52:07.519] [DEBUG] cheese - admin
[2019-07-30T12:52:07.521] [DEBUG] cheese - null
[2019-07-30T12:52:07.521] [DEBUG] cheese - null
[2019-07-30T14:55:55.834] [DEBUG] cheese - login => username:admin,password:123456
[2019-07-30T14:55:55.835] [DEBUG] cheese - admin
[2019-07-30T14:55:55.841] [DEBUG] cheese - null
[2019-07-30T14:55:55.842] [DEBUG] cheese - null
[2019-07-30T14:58:10.902] [DEBUG] cheese - login => username:admin,password:123456
[2019-07-30T14:58:10.902] [DEBUG] cheese - admin
[2019-07-30T14:58:10.906] [DEBUG] cheese - null
[2019-07-30T14:58:10.906] [DEBUG] cheese - null
[2019-07-30T15:01:28.336] [DEBUG] cheese - login => username:admin,password:123456
[2019-07-30T15:01:28.336] [DEBUG] cheese - admin
[2019-07-30T15:01:28.340] [DEBUG] cheese - null
[2019-07-30T15:01:28.340] [DEBUG] cheese - null
[2019-07-30T17:41:29.631] [DEBUG] cheese - login => username:admin,password:123456
[2019-07-30T17:41:29.631] [DEBUG] cheese - admin
[2019-07-30T17:41:29.633] [DEBUG] cheese - null
[2019-07-30T17:41:29.633] [DEBUG] cheese - null
[2019-07-30T17:48:05.320] [DEBUG] cheese - login => username:admin,password:123456
[2019-07-30T17:48:05.320] [DEBUG] cheese - admin
[2019-07-30T17:48:05.323] [DEBUG] cheese - null
[2019-07-30T17:48:05.323] [DEBUG] cheese - null
[2019-07-30T17:48:29.577] [DEBUG] cheese - login => username:admin,password:123456
[2019-07-30T17:48:29.578] [DEBUG] cheese - admin
[2019-07-30T17:48:29.580] [DEBUG] cheese - null
[2019-07-30T17:48:29.580] [DEBUG] cheese - null
[2019-07-30T17:49:20.593] [DEBUG] cheese - login => username:admin,password:123456
[2019-07-30T17:49:20.593] [DEBUG] cheese - admin
[2019-07-30T17:49:20.595] [DEBUG] cheese - null
[2019-07-30T17:49:20.595] [DEBUG] cheese - null
